<?xml version="1.0" encoding="UTF-8"?>
<!-- Generated by org.testng.reporters.JUnitReportReporter -->
<testsuite skipped="0" hostname="Kannapi" name="com.obsqura.selenium.TestNGHomeworks.LocatorByClassTest" tests="1" failures="0" timestamp="02 Nov 2022 19:58:03 GMT" time="9.179" errors="0">
  <testcase name="locateByClass" time="9.179" classname="com.obsqura.selenium.TestNGHomeworks.LocatorByClassTest"/>
</testsuite> <!-- com.obsqura.selenium.TestNGHomeworks.LocatorByClassTest -->
