<?xml version="1.0" encoding="UTF-8"?>
<!-- Generated by org.testng.reporters.JUnitReportReporter -->
<testsuite skipped="0" hostname="Kannapi" name="com.obsqura.selenium.TestNGHomeworks.HardAssertionSample" tests="2" failures="0" timestamp="01 Nov 2022 15:57:27 GMT" time="16.525" errors="0">
  <testcase name="verifyTitle" time="7.198" classname="com.obsqura.selenium.TestNGHomeworks.HardAssertionSample"/>
  <testcase name="checkDriverNullOrNot" time="9.327" classname="com.obsqura.selenium.TestNGHomeworks.HardAssertionSample"/>
</testsuite> <!-- com.obsqura.selenium.TestNGHomeworks.HardAssertionSample -->
