<?xml version="1.0" encoding="UTF-8"?>
<!-- Generated by org.testng.reporters.JUnitReportReporter -->
<testsuite skipped="0" hostname="Kannapi" name="com.obsqura.selenium.TestNGSample.CheckBackgroundColor" tests="3" failures="0" timestamp="10 Nov 2022 18:18:04 GMT" time="0.174" errors="0">
  <testcase name="checkTextColor" time="0.048" classname="com.obsqura.selenium.TestNGSample.CheckBackgroundColor"/>
  <testcase name="checkBgColor" time="0.061" classname="com.obsqura.selenium.TestNGSample.CheckBackgroundColor"/>
  <testcase name="compareLocation" time="0.065" classname="com.obsqura.selenium.TestNGSample.CheckBackgroundColor"/>
</testsuite> <!-- com.obsqura.selenium.TestNGSample.CheckBackgroundColor -->
