<?xml version="1.0" encoding="UTF-8"?>
<!-- Generated by org.testng.reporters.JUnitReportReporter -->
<testsuite skipped="0" hostname="Kannapi" name="com.obsqura.selenium.TestNGSample.BrowserCommands" tests="3" failures="0" timestamp="31 Oct 2022 20:31:49 GMT" time="8.849" errors="0">
  <testcase name="verifyTitle" time="0.401" classname="com.obsqura.selenium.TestNGSample.BrowserCommands"/>
  <testcase name="initialiseBrowser" time="8.440" classname="com.obsqura.selenium.TestNGSample.BrowserCommands"/>
  <testcase name="verifyURL" time="0.008" classname="com.obsqura.selenium.TestNGSample.BrowserCommands"/>
</testsuite> <!-- com.obsqura.selenium.TestNGSample.BrowserCommands -->
