<?xml version="1.0" encoding="UTF-8"?>
<!-- Generated by org.testng.reporters.JUnitReportReporter -->
<testsuite skipped="0" hostname="Kannapi" name="com.obsqura.selenium.TestNGSample.Locators" tests="2" failures="0" timestamp="01 Nov 2022 14:08:26 GMT" time="8.705" errors="0">
  <testcase name="locatingByID" time="2.905" classname="com.obsqura.selenium.TestNGSample.Locators"/>
  <testcase name="initialiseBrowser" time="5.800" classname="com.obsqura.selenium.TestNGSample.Locators"/>
</testsuite> <!-- com.obsqura.selenium.TestNGSample.Locators -->
