<?xml version="1.0" encoding="UTF-8"?>
<!-- Generated by org.testng.reporters.JUnitReportReporter -->
<testsuite skipped="0" hostname="Kannapi" name="homeWork.checkAssertions" tests="4" failures="0" timestamp="01 Nov 2022 14:40:51 GMT" time="9.044" errors="0">
  <testcase name="InitializeBrowser" time="8.231" classname="homeWork.checkAssertions"/>
  <testcase name="checkPageSource" time="0.139" classname="homeWork.checkAssertions"/>
  <testcase name="navigateLoginPage" time="0.658" classname="homeWork.checkAssertions"/>
  <testcase name="checkURL" time="0.016" classname="homeWork.checkAssertions"/>
</testsuite> <!-- homeWork.checkAssertions -->
