<?xml version="1.0" encoding="UTF-8"?>
<!-- Generated by org.testng.reporters.JUnitReportReporter -->
<testsuite skipped="0" hostname="Kannapi" name="com.obsqura.selenium.TestNGSample.BrowserCommands" tests="1" failures="0" timestamp="03 Nov 2022 02:18:39 GMT" time="23.473" errors="0">
  <testcase name="verifyTitle" time="23.473" classname="com.obsqura.selenium.TestNGSample.BrowserCommands"/>
</testsuite> <!-- com.obsqura.selenium.TestNGSample.BrowserCommands -->
