<?xml version="1.0" encoding="UTF-8"?>
<!-- Generated by org.testng.reporters.JUnitReportReporter -->
<testsuite skipped="0" hostname="Kannapi" name="com.obsqura.selenium.TestNGSample.checkField" tests="2" failures="0" timestamp="09 Nov 2022 20:29:50 GMT" time="0.744" errors="0">
  <testcase name="checkSumOfNumbers" time="0.403" classname="com.obsqura.selenium.TestNGSample.checkField"/>
  <testcase name="checkFieldAlphabets" time="0.341" classname="com.obsqura.selenium.TestNGSample.checkField"/>
</testsuite> <!-- com.obsqura.selenium.TestNGSample.checkField -->
